2025/05/27 18:08:04 [notice] 1#1: using the "epoll" event method
2025/05/27 18:08:04 [notice] 1#1: nginx/1.27.5
2025/05/27 18:08:04 [notice] 1#1: built by gcc 12.2.0 (Debian 12.2.0-14) 
2025/05/27 18:08:04 [notice] 1#1: OS: Linux 6.12.5-linuxkit
2025/05/27 18:08:04 [notice] 1#1: getrlimit(RLIMIT_NOFILE): 1048576:1048576
2025/05/27 18:08:04 [notice] 1#1: start worker processes
2025/05/27 18:08:04 [notice] 1#1: start worker process 28
2025/05/27 18:08:04 [notice] 1#1: start worker process 29
2025/05/27 18:08:04 [notice] 1#1: start worker process 30
2025/05/27 18:08:04 [notice] 1#1: start worker process 31
2025/05/27 18:08:04 [notice] 1#1: start worker process 32
2025/05/27 18:08:04 [notice] 1#1: start worker process 33
2025/05/27 18:08:04 [notice] 1#1: start worker process 34
2025/05/27 18:08:04 [notice] 1#1: start worker process 35
2025/05/27 18:08:19 [error] 28#28: *2 open() "/usr/share/nginx/html/favicon.ico" failed (2: No such file or directory), client: 172.21.0.1, server: localhost, request: "GET /favicon.ico HTTP/1.1", host: "localhost:8081", referrer: "http://localhost:8081/"
2025/05/28 13:24:13 [notice] 1#1: using the "epoll" event method
2025/05/28 13:24:13 [notice] 1#1: nginx/1.27.5
2025/05/28 13:24:13 [notice] 1#1: built by gcc 12.2.0 (Debian 12.2.0-14) 
2025/05/28 13:24:13 [notice] 1#1: OS: Linux 6.12.5-linuxkit
2025/05/28 13:24:13 [notice] 1#1: getrlimit(RLIMIT_NOFILE): 1048576:1048576
2025/05/28 13:24:13 [notice] 1#1: start worker processes
2025/05/28 13:24:13 [notice] 1#1: start worker process 22
2025/05/28 13:24:13 [notice] 1#1: start worker process 23
2025/05/28 13:24:13 [notice] 1#1: start worker process 24
2025/05/28 13:24:13 [notice] 1#1: start worker process 25
2025/05/28 13:24:13 [notice] 1#1: start worker process 26
2025/05/28 13:24:13 [notice] 1#1: start worker process 27
2025/05/28 13:24:13 [notice] 1#1: start worker process 28
2025/05/28 13:24:13 [notice] 1#1: start worker process 29
2025/05/28 13:24:20 [error] 22#22: *2 open() "/usr/share/nginx/html/favicon.ico" failed (2: No such file or directory), client: 172.21.0.1, server: localhost, request: "GET /favicon.ico HTTP/1.1", host: "localhost:8081", referrer: "http://localhost:8081/"
