2025/05/27 18:08:05 [notice] 1#1: using the "epoll" event method
2025/05/27 18:08:05 [notice] 1#1: nginx/1.27.5
2025/05/27 18:08:05 [notice] 1#1: built by gcc 12.2.0 (Debian 12.2.0-14) 
2025/05/27 18:08:05 [notice] 1#1: OS: Linux 6.12.5-linuxkit
2025/05/27 18:08:05 [notice] 1#1: getrlimit(RLIMIT_NOFILE): 1048576:1048576
2025/05/27 18:08:05 [notice] 1#1: start worker processes
2025/05/27 18:08:05 [notice] 1#1: start worker process 29
2025/05/27 18:08:05 [notice] 1#1: start worker process 30
2025/05/27 18:08:05 [notice] 1#1: start worker process 31
2025/05/27 18:08:05 [notice] 1#1: start worker process 32
2025/05/27 18:08:05 [notice] 1#1: start worker process 33
2025/05/27 18:08:05 [notice] 1#1: start worker process 34
2025/05/27 18:08:05 [notice] 1#1: start worker process 35
2025/05/27 18:08:05 [notice] 1#1: start worker process 36
2025/05/28 13:24:17 [notice] 1#1: using the "epoll" event method
2025/05/28 13:24:17 [notice] 1#1: nginx/1.27.5
2025/05/28 13:24:17 [notice] 1#1: built by gcc 12.2.0 (Debian 12.2.0-14) 
2025/05/28 13:24:17 [notice] 1#1: OS: Linux 6.12.5-linuxkit
2025/05/28 13:24:17 [notice] 1#1: getrlimit(RLIMIT_NOFILE): 1048576:1048576
2025/05/28 13:24:17 [notice] 1#1: start worker processes
2025/05/28 13:24:17 [notice] 1#1: start worker process 22
2025/05/28 13:24:17 [notice] 1#1: start worker process 23
2025/05/28 13:24:17 [notice] 1#1: start worker process 24
2025/05/28 13:24:17 [notice] 1#1: start worker process 25
2025/05/28 13:24:17 [notice] 1#1: start worker process 26
2025/05/28 13:24:17 [notice] 1#1: start worker process 27
2025/05/28 13:24:17 [notice] 1#1: start worker process 28
2025/05/28 13:24:17 [notice] 1#1: start worker process 29
